-------------------------------------------------------------------------------
Test set: prueba.pracmacol.crud.CrudApplicationTests
-------------------------------------------------------------------------------
Tests run: 1, Failures: 0, Errors: 1, Skipped: 0, Time elapsed: 0.794 s <<< FAILURE! - in prueba.pracmacol.crud.CrudApplicationTests
initializationError(prueba.pracmacol.crud.CrudApplicationTests)  Time elapsed: 0.007 s  <<< ERROR!
java.lang.IllegalStateException: Unable to find a @SpringBootConfiguration, you need to use @ContextConfiguration or @SpringBootTest(classes=...) with your test

